The system is: Windows - 10.0.22000 - AMD64
The system is: Windows - 10.0.22000 - AMD64
Compiling the C compiler identification source file "CMakeCCompilerId.c" succeeded.
Compiler: F:/VisualStudio/VC/Tools/MSVC/14.29.30037/bin/Hostx64/x86/cl.exe 
Build flags: 
Id flags:  

The output was:
0
用于 x86 的 Microsoft (R) C/C++ 优化编译器 19.29.30037 版
版权所有(C) Microsoft Corporation。保留所有权利。

CMakeCCompilerId.c
Microsoft (R) Incremental Linker Version 14.29.30037.0
Copyright (C) Microsoft Corporation.  All rights reserved.

/out:CMakeCCompilerId.exe 
CMakeCCompilerId.obj 


Compilation of the C compiler identification source "CMakeCCompilerId.c" produced "CMakeCCompilerId.exe"

Compilation of the C compiler identification source "CMakeCCompilerId.c" produced "CMakeCCompilerId.obj"

The C compiler identification is MSVC, found in "E:/Code/Acorn/build/CMakeFiles/3.19.1/CompilerIdC/CMakeCCompilerId.exe"

Compiling the CXX compiler identification source file "CMakeCXXCompilerId.cpp" succeeded.
Compiler: F:/VisualStudio/VC/Tools/MSVC/14.29.30037/bin/Hostx64/x86/cl.exe 
Build flags: 
Id flags:  

The output was:
0
用于 x86 的 Microsoft (R) C/C++ 优化编译器 19.29.30037 版
版权所有(C) Microsoft Corporation。保留所有权利。

CMakeCXXCompilerId.cpp
Microsoft (R) Incremental Linker Version 14.29.30037.0
Copyright (C) Microsoft Corporation.  All rights reserved.

/out:CMakeCXXCompilerId.exe 
CMakeCXXCompilerId.obj 


Compilation of the CXX compiler identification source "CMakeCXXCompilerId.cpp" produced "CMakeCXXCompilerId.exe"

Compilation of the CXX compiler identification source "CMakeCXXCompilerId.cpp" produced "CMakeCXXCompilerId.obj"

The CXX compiler identification is MSVC, found in "E:/Code/Acorn/build/CMakeFiles/3.19.1/CompilerIdCXX/CMakeCXXCompilerId.exe"

Detecting C compiler ABI info compiled with the following output:
Change Dir: E:/Code/Acorn/build/CMakeFiles/CMakeTmp

Run Build Command(s):G:/mingw64/bin/mingw32-make.exe cmTC_834d2/fast && G:/mingw64/bin/mingw32-make.exe  -f CMakeFiles\cmTC_834d2.dir\build.make CMakeFiles/cmTC_834d2.dir/build
mingw32-make.exe[1]: Entering directory 'E:/Code/Acorn/build/CMakeFiles/CMakeTmp'
Building C object CMakeFiles/cmTC_834d2.dir/CMakeCCompilerABI.c.obj
F:\VisualStudio\VC\Tools\MSVC\14.29.30037\bin\Hostx64\x86\cl.exe  /nologo   /DWIN32 /D_WINDOWS /W3  /MDd /Zi /Ob0 /Od /RTC1 /FoCMakeFiles\cmTC_834d2.dir\CMakeCCompilerABI.c.obj /FdCMakeFiles\cmTC_834d2.dir/ /FS -c F:\CMake\share\cmake-3.19\Modules\CMakeCCompilerABI.c
CMakeCCompilerABI.c
Linking C executable cmTC_834d2.exe
F:\CMake\bin\cmake.exe -E cmake_link_script CMakeFiles\cmTC_834d2.dir\link.txt --verbose=1
F:\CMake\bin\cmake.exe -E vs_link_exe --intdir=CMakeFiles\cmTC_834d2.dir --rc=C:\PROGRA~2\WI3CF2~1\10\bin\10.0.19041.0\x64\rc.exe --mt=C:\PROGRA~2\WI3CF2~1\10\bin\10.0.19041.0\x64\mt.exe --manifests -- F:\VisualStudio\VC\Tools\MSVC\14.29.30037\bin\Hostx64\x86\link.exe /nologo @CMakeFiles\cmTC_834d2.dir\objects1.rsp  /out:cmTC_834d2.exe /implib:cmTC_834d2.lib /pdb:E:\Code\Acorn\build\CMakeFiles\CMakeTmp\cmTC_834d2.pdb /version:0.0 /machine:X86  /debug /INCREMENTAL /subsystem:console  kernel32.lib user32.lib gdi32.lib winspool.lib shell32.lib ole32.lib oleaut32.lib uuid.lib comdlg32.lib advapi32.lib 
mingw32-make.exe[1]: Leaving directory 'E:/Code/Acorn/build/CMakeFiles/CMakeTmp'



Detecting CXX compiler ABI info compiled with the following output:
Change Dir: E:/Code/Acorn/build/CMakeFiles/CMakeTmp

Run Build Command(s):G:/mingw64/bin/mingw32-make.exe cmTC_0fca3/fast && G:/mingw64/bin/mingw32-make.exe  -f CMakeFiles\cmTC_0fca3.dir\build.make CMakeFiles/cmTC_0fca3.dir/build
mingw32-make.exe[1]: Entering directory 'E:/Code/Acorn/build/CMakeFiles/CMakeTmp'
Building CXX object CMakeFiles/cmTC_0fca3.dir/CMakeCXXCompilerABI.cpp.obj
F:\VisualStudio\VC\Tools\MSVC\14.29.30037\bin\Hostx64\x86\cl.exe  /nologo /TP   /DWIN32 /D_WINDOWS /W3 /GR /EHsc  /MDd /Zi /Ob0 /Od /RTC1 /FoCMakeFiles\cmTC_0fca3.dir\CMakeCXXCompilerABI.cpp.obj /FdCMakeFiles\cmTC_0fca3.dir/ /FS -c F:\CMake\share\cmake-3.19\Modules\CMakeCXXCompilerABI.cpp
CMakeCXXCompilerABI.cpp
Linking CXX executable cmTC_0fca3.exe
F:\CMake\bin\cmake.exe -E cmake_link_script CMakeFiles\cmTC_0fca3.dir\link.txt --verbose=1
F:\CMake\bin\cmake.exe -E vs_link_exe --intdir=CMakeFiles\cmTC_0fca3.dir --rc=C:\PROGRA~2\WI3CF2~1\10\bin\10.0.19041.0\x64\rc.exe --mt=C:\PROGRA~2\WI3CF2~1\10\bin\10.0.19041.0\x64\mt.exe --manifests -- F:\VisualStudio\VC\Tools\MSVC\14.29.30037\bin\Hostx64\x86\link.exe /nologo @CMakeFiles\cmTC_0fca3.dir\objects1.rsp  /out:cmTC_0fca3.exe /implib:cmTC_0fca3.lib /pdb:E:\Code\Acorn\build\CMakeFiles\CMakeTmp\cmTC_0fca3.pdb /version:0.0 /machine:X86  /debug /INCREMENTAL /subsystem:console  kernel32.lib user32.lib gdi32.lib winspool.lib shell32.lib ole32.lib oleaut32.lib uuid.lib comdlg32.lib advapi32.lib 
mingw32-make.exe[1]: Leaving directory 'E:/Code/Acorn/build/CMakeFiles/CMakeTmp'



